Using pre-set license
Built from '2021.1/staging' branch; Version is '2021.1.15f1 (e767a7370072) revision 15165351'; Using compiler version '192528614'; Build Type 'Release'
OS: 'Windows 10 Pro; OS build 19043.1348; Version 2009; 64bit' Language: 'es' Physical Memory: 16322 MB
BatchMode: 1, IsHumanControllingUs: 0, StartBugReporterOnCrash: 0, Is64bit: 1, IsPro: 0

 COMMAND LINE ARGUMENTS:
C:\Program Files\Unity\Hub\Editor\2021.1.15f1\Editor\Unity.exe
-adb2
-batchMode
-noUpm
-name
AssetImportWorker0
-projectPath
C:/Users/USUARIO/Documents/GitHub/VIDEOJUEGOS
-logFile
Logs/AssetImportWorker0.log
-srvPort
65495
Successfully changed project path to: C:/Users/USUARIO/Documents/GitHub/VIDEOJUEGOS
C:/Users/USUARIO/Documents/GitHub/VIDEOJUEGOS
Using Asset Import Pipeline V2.
Refreshing native plugins compatible for Editor in 93.71 ms, found 4 plugins.
Preloading 0 native plugins for Editor in 0.00 ms.
Initialize engine version: 2021.1.15f1 (e767a7370072)
[Subsystems] Discovering subsystems at path C:/Program Files/Unity/Hub/Editor/2021.1.15f1/Editor/Data/Resources/UnitySubsystems
[Subsystems] Discovering subsystems at path C:/Users/USUARIO/Documents/GitHub/VIDEOJUEGOS/Assets
GfxDevice: creating device client; threaded=0; jobified=0
Direct3D:
    Version:  Direct3D 11.0 [level 11.1]
    Renderer: NVIDIA GeForce GTX 1650 (ID=0x2188)
    Vendor:   NVIDIA
    VRAM:     3962 MB
    Driver:   27.21.14.6140
Initialize mono
Mono path[0] = 'C:/Program Files/Unity/Hub/Editor/2021.1.15f1/Editor/Data/Managed'
Mono path[1] = 'C:/Program Files/Unity/Hub/Editor/2021.1.15f1/Editor/Data/MonoBleedingEdge/lib/mono/unityjit'
Mono config path = 'C:/Program Files/Unity/Hub/Editor/2021.1.15f1/Editor/Data/MonoBleedingEdge/etc'
Using monoOptions --debugger-agent=transport=dt_socket,embedding=1,server=y,suspend=n,address=127.0.0.1:56280
Begin MonoManager ReloadAssembly
Registering precompiled unity dll's ...
Register platform support module: C:/Program Files/Unity/Hub/Editor/2021.1.15f1/Editor/Data/PlaybackEngines/MacStandaloneSupport/UnityEditor.OSXStandalone.Extensions.dll
Register platform support module: C:/Program Files/Unity/Hub/Editor/2021.1.15f1/Editor/Data/PlaybackEngines/WindowsStandaloneSupport/UnityEditor.WindowsStandalone.Extensions.dll
Registered in 0.001952 seconds.
Native extension for WindowsStandalone target not found
Native extension for OSXStandalone target not found
Refreshing native plugins compatible for Editor in 95.41 ms, found 4 plugins.
Preloading 0 native plugins for Editor in 0.00 ms.
Mono: successfully reloaded assembly
- Completed reload, in  1.100 seconds
Domain Reload Profiling:
	ReloadAssembly (1100ms)
		BeginReloadAssembly (46ms)
			ExecutionOrderSort (0ms)
			DisableScriptedObjects (0ms)
			BackupInstance (0ms)
			ReleaseScriptingObjects (0ms)
			CreateAndSetChildDomain (1ms)
		EndReloadAssembly (446ms)
			LoadAssemblies (44ms)
			RebuildTransferFunctionScriptingTraits (0ms)
			SetupTypeCache (155ms)
			ReleaseScriptCaches (0ms)
			RebuildScriptCaches (28ms)
			SetupLoadedEditorAssemblies (220ms)
				LogAssemblyErrors (0ms)
				InitializePlatformSupportModulesInManaged (6ms)
				SetLoadedEditorAssemblies (0ms)
				RefreshPlugins (95ms)
				BeforeProcessingInitializeOnLoad (1ms)
				ProcessInitializeOnLoadAttributes (90ms)
				ProcessInitializeOnLoadMethodAttributes (27ms)
				AfterProcessingInitializeOnLoad (0ms)
				EditorAssembliesLoaded (0ms)
			ExecutionOrderSort2 (0ms)
			AwakeInstancesAfterBackupRestoration (0ms)
Platform modules already initialized, skipping
Registering precompiled user dll's ...
Registered in 0.004483 seconds.
Begin MonoManager ReloadAssembly
Symbol file LoadedFromMemory doesn't match image C:\Users\USUARIO\Documents\GitHub\VIDEOJUEGOS\Library\PackageCache\com.unity.visualscripting@1.6.1\Editor\VisualScripting.Core\Dependencies\YamlDotNet\Unity.VisualScripting.YamlDotNet.dll
Symbol file LoadedFromMemory doesn't match image C:\Users\USUARIO\Documents\GitHub\VIDEOJUEGOS\Library\PackageCache\com.unity.visualscripting@1.6.1\Editor\VisualScripting.Core\Dependencies\DotNetZip\Unity.VisualScripting.IonicZip.dll
Native extension for WindowsStandalone target not found
Native extension for OSXStandalone target not found
Refreshing native plugins compatible for Editor in 97.45 ms, found 4 plugins.
Preloading 0 native plugins for Editor in 0.00 ms.
Mono: successfully reloaded assembly
- Completed reload, in  1.222 seconds
Domain Reload Profiling:
	ReloadAssembly (1222ms)
		BeginReloadAssembly (136ms)
			ExecutionOrderSort (0ms)
			DisableScriptedObjects (4ms)
			BackupInstance (0ms)
			ReleaseScriptingObjects (0ms)
			CreateAndSetChildDomain (17ms)
		EndReloadAssembly (1031ms)
			LoadAssemblies (84ms)
			RebuildTransferFunctionScriptingTraits (0ms)
			SetupTypeCache (351ms)
			ReleaseScriptCaches (1ms)
			RebuildScriptCaches (58ms)
			SetupLoadedEditorAssemblies (439ms)
				LogAssemblyErrors (0ms)
				InitializePlatformSupportModulesInManaged (4ms)
				SetLoadedEditorAssemblies (1ms)
				RefreshPlugins (98ms)
				BeforeProcessingInitializeOnLoad (82ms)
				ProcessInitializeOnLoadAttributes (233ms)
				ProcessInitializeOnLoadMethodAttributes (16ms)
				AfterProcessingInitializeOnLoad (5ms)
				EditorAssembliesLoaded (0ms)
			ExecutionOrderSort2 (0ms)
			AwakeInstancesAfterBackupRestoration (7ms)
Platform modules already initialized, skipping
========================================================================
Worker process is ready to serve import requests
Launched and connected shader compiler UnityShaderCompiler.exe after 0.03 seconds
Refreshing native plugins compatible for Editor in 0.70 ms, found 4 plugins.
Preloading 0 native plugins for Editor in 0.00 ms.
Unloading 3865 Unused Serialized files (Serialized files now loaded: 0)
System memory in use before: 144.8 MB.
System memory in use after: 145.1 MB.

Unloading 31 unused Assets to reduce memory usage. Loaded Objects now: 4317.
Total: 2.701200 ms (FindLiveObjects: 0.275600 ms CreateObjectMapping: 0.153100 ms MarkObjects: 2.218300 ms  DeleteObjects: 0.053300 ms)

AssetImportParameters requested are different than current active one (requested -> active):
  custom:framework-win-MediaFoundation: 216162199b28c13a410421893ffa2e32 -> 
  custom:video-decoder-ogg-theora: a1e56fd34408186e4bbccfd4996cb3dc -> 
  custom:container-muxer-webm: aa71ff27fc2769a1b78a27578f13a17b -> 
  custom:container-demuxer-webm: 4f35f7cbe854078d1ac9338744f61a02 -> 
  custom:container-demuxer-ogg: 62fdf1f143b41e24485cea50d1cbac27 -> 
  custom:video-encoder-webm-vp8: eb34c28f22e8b96e1ab97ce403110664 -> 
  custom:video-decoder-webm-vp8: 9c59270c3fd7afecdb556c50c9e8de78 -> 
  custom:audio-decoder-ogg-vorbis: bf7c407c2cedff20999df2af8eb42d56 -> 
  custom:audio-encoder-webm-vorbis: bf7c407c2cedff20999df2af8eb42d56 -> 
========================================================================
Received Import Request.
  path: Assets/Sound
  artifactKey: Guid(e1d0fef01791c0c4fa4763668a1abeb5) Importer(815301076,1909f56bfc062723c751e8b465ee728b)
Start importing Assets/Sound using Guid(e1d0fef01791c0c4fa4763668a1abeb5) Importer(815301076,1909f56bfc062723c751e8b465ee728b)  -> (artifact id: '0fa6fb901d5508ba0c00f55aa5680793') in 0.008728 seconds 
========================================================================
Received Import Request.
  Time since last request: 7.509463 seconds.
  path: Assets/Sound/Alissa menu song.mp3
  artifactKey: Guid(6f203fa65a20e024fb32ad1b478b4ed9) Importer(815301076,1909f56bfc062723c751e8b465ee728b)
Start importing Assets/Sound/Alissa menu song.mp3 using Guid(6f203fa65a20e024fb32ad1b478b4ed9) Importer(815301076,1909f56bfc062723c751e8b465ee728b)  -> (artifact id: '7e377fbbb640cee2dd22459397201951') in 0.095780 seconds 
========================================================================
Received Import Request.
  Time since last request: 0.000189 seconds.
  path: Assets/Sound/zapsplat_foley_footstep_jump_land_shoes_concrete_001_20685.mp3
  artifactKey: Guid(23203b451c154d648ae945d74b13b6b2) Importer(815301076,1909f56bfc062723c751e8b465ee728b)
Start importing Assets/Sound/zapsplat_foley_footstep_jump_land_shoes_concrete_001_20685.mp3 using Guid(23203b451c154d648ae945d74b13b6b2) Importer(815301076,1909f56bfc062723c751e8b465ee728b)  -> (artifact id: 'aac8a7286f64dff20961557438869d78') in 0.009891 seconds 
========================================================================
Received Import Request.
  Time since last request: 0.000143 seconds.
  path: Assets/Sound/george_gazetis_skull_detach_fall_roll_crush.mp3
  artifactKey: Guid(7d58c14abe9b3cc4f9ee057f4a78e065) Importer(815301076,1909f56bfc062723c751e8b465ee728b)
Start importing Assets/Sound/george_gazetis_skull_detach_fall_roll_crush.mp3 using Guid(7d58c14abe9b3cc4f9ee057f4a78e065) Importer(815301076,1909f56bfc062723c751e8b465ee728b)  -> (artifact id: '8098d7f0f701a5e57bbba3faf6a2323b') in 0.010242 seconds 
========================================================================
Received Import Request.
  Time since last request: 0.000208 seconds.
  path: Assets/Sound/zapsplat_multimedia_game_sound_fantasy_magical_impact_open_secret_passage_door_74060.mp3
  artifactKey: Guid(c0e27e8a958874747a2a9ba6c6310009) Importer(815301076,1909f56bfc062723c751e8b465ee728b)
Start importing Assets/Sound/zapsplat_multimedia_game_sound_fantasy_magical_impact_open_secret_passage_door_74060.mp3 using Guid(c0e27e8a958874747a2a9ba6c6310009) Importer(815301076,1909f56bfc062723c751e8b465ee728b)  -> (artifact id: '3fb58e8f813a8363d11a3432b1d67169') in 0.009600 seconds 
========================================================================
Received Import Request.
  Time since last request: 0.000115 seconds.
  path: Assets/Sound/jingle 1.mp3
  artifactKey: Guid(86da2cdf87b9df84d8f2b904c653594b) Importer(815301076,1909f56bfc062723c751e8b465ee728b)
Start importing Assets/Sound/jingle 1.mp3 using Guid(86da2cdf87b9df84d8f2b904c653594b) Importer(815301076,1909f56bfc062723c751e8b465ee728b)  -> (artifact id: '8d9e59ff99fe65fe73648f93a487c23b') in 0.009502 seconds 
========================================================================
Received Import Request.
  Time since last request: 0.000168 seconds.
  path: Assets/Sound/zapsplat_multimedia_game_sound_fantasy_magical_pop_explosion_hard_74066.mp3
  artifactKey: Guid(6d28bbf376ed6574fb780e8739e5515b) Importer(815301076,1909f56bfc062723c751e8b465ee728b)
Start importing Assets/Sound/zapsplat_multimedia_game_sound_fantasy_magical_pop_explosion_hard_74066.mp3 using Guid(6d28bbf376ed6574fb780e8739e5515b) Importer(815301076,1909f56bfc062723c751e8b465ee728b)  -> (artifact id: '4f6bfcfb3dfc707a554ef1001808fb97') in 0.008920 seconds 
========================================================================
Received Import Request.
  Time since last request: 0.000217 seconds.
  path: Assets/Sound/zapsplat_foley_feet_jump_land_wood_step_hard_002_16320.mp3
  artifactKey: Guid(f567d55d7cd204746a2de197e411400c) Importer(815301076,1909f56bfc062723c751e8b465ee728b)
Start importing Assets/Sound/zapsplat_foley_feet_jump_land_wood_step_hard_002_16320.mp3 using Guid(f567d55d7cd204746a2de197e411400c) Importer(815301076,1909f56bfc062723c751e8b465ee728b)  -> (artifact id: '115f355bc6e04e924f9f6d54a4cf7819') in 0.009609 seconds 
========================================================================
Received Import Request.
  Time since last request: 0.000127 seconds.
  path: Assets/Sound/zapsplat_multimedia_game_sound_hit_impact_hard_thud_74531.mp3
  artifactKey: Guid(b26831c0c90942641af552fdbe0c544e) Importer(815301076,1909f56bfc062723c751e8b465ee728b)
Start importing Assets/Sound/zapsplat_multimedia_game_sound_hit_impact_hard_thud_74531.mp3 using Guid(b26831c0c90942641af552fdbe0c544e) Importer(815301076,1909f56bfc062723c751e8b465ee728b)  -> (artifact id: '067d889521f4a9ef8923d9ae304f5126') in 0.009534 seconds 
========================================================================
Received Import Request.
  Time since last request: 0.000207 seconds.
  path: Assets/Sound/zapsplat_multimedia_game_sound_win_gold_coins_or_treasure_warm_twinkle_lower_pitched_74547.mp3
  artifactKey: Guid(812bd23cce043944f80adfb4502b1054) Importer(815301076,1909f56bfc062723c751e8b465ee728b)
Start importing Assets/Sound/zapsplat_multimedia_game_sound_win_gold_coins_or_treasure_warm_twinkle_lower_pitched_74547.mp3 using Guid(812bd23cce043944f80adfb4502b1054) Importer(815301076,1909f56bfc062723c751e8b465ee728b)  -> (artifact id: 'ad22cdb3123a3a6cd0fb6cc5e033efe2') in 0.009480 seconds 
========================================================================
Received Import Request.
  Time since last request: 0.000219 seconds.
  path: Assets/Sound/zapsplat_foley_feet_jump_land_carpeted_wood_floor_hard_003_16317.mp3
  artifactKey: Guid(3a7f101fd81616e4d9991058e2a5f950) Importer(815301076,1909f56bfc062723c751e8b465ee728b)
Start importing Assets/Sound/zapsplat_foley_feet_jump_land_carpeted_wood_floor_hard_003_16317.mp3 using Guid(3a7f101fd81616e4d9991058e2a5f950) Importer(815301076,1909f56bfc062723c751e8b465ee728b)  -> (artifact id: '2ceba9f0053ca7f4a9d85f22e14fba1d') in 0.008664 seconds 
========================================================================
Received Import Request.
  Time since last request: 0.000165 seconds.
  path: Assets/Sound/zapsplat_multimedia_game_sound_fantasy_magical_impact_plants_foliage_bright_glistening_74062.mp3
  artifactKey: Guid(9a56b89a8571da34695b4ed356c59d2d) Importer(815301076,1909f56bfc062723c751e8b465ee728b)
Start importing Assets/Sound/zapsplat_multimedia_game_sound_fantasy_magical_impact_plants_foliage_bright_glistening_74062.mp3 using Guid(9a56b89a8571da34695b4ed356c59d2d) Importer(815301076,1909f56bfc062723c751e8b465ee728b)  -> (artifact id: 'fa3ead17a9125e1d2bb215c6b270e647') in 0.008716 seconds 
========================================================================
Received Import Request.
  Time since last request: 0.000144 seconds.
  path: Assets/Sound/zapsplat_foley_footsteps_feet_jump_land_metal_external_platform_floor_44696.mp3
  artifactKey: Guid(96eacbd96e431d24ab7e2ab149d723af) Importer(815301076,1909f56bfc062723c751e8b465ee728b)
Start importing Assets/Sound/zapsplat_foley_footsteps_feet_jump_land_metal_external_platform_floor_44696.mp3 using Guid(96eacbd96e431d24ab7e2ab149d723af) Importer(815301076,1909f56bfc062723c751e8b465ee728b)  -> (artifact id: '939ac2569d102bc79d5df72ea43fde6f') in 0.009213 seconds 
========================================================================
Received Import Request.
  Time since last request: 0.000129 seconds.
  path: Assets/Sound/zapsplat_foley_feet_jump_land_carpeted_wood_floor_hard_001_16315.mp3
  artifactKey: Guid(e86caee7c36e54044905cd57226f3d4a) Importer(815301076,1909f56bfc062723c751e8b465ee728b)
Start importing Assets/Sound/zapsplat_foley_feet_jump_land_carpeted_wood_floor_hard_001_16315.mp3 using Guid(e86caee7c36e54044905cd57226f3d4a) Importer(815301076,1909f56bfc062723c751e8b465ee728b)  -> (artifact id: 'dbd83a2c4a2ef835e2e2b062d646fe7f') in 0.009198 seconds 
========================================================================
Received Import Request.
  Time since last request: 0.000186 seconds.
  path: Assets/Sound/zapsplat_multimedia_game_sound_magical_door_unlock_open_004_75181.mp3
  artifactKey: Guid(97feb05bfbad6c84fa34e527df97f375) Importer(815301076,1909f56bfc062723c751e8b465ee728b)
Start importing Assets/Sound/zapsplat_multimedia_game_sound_magical_door_unlock_open_004_75181.mp3 using Guid(97feb05bfbad6c84fa34e527df97f375) Importer(815301076,1909f56bfc062723c751e8b465ee728b)  -> (artifact id: '0db023ce912f6c776ed2cd9d14a11958') in 0.009671 seconds 
========================================================================
Received Prepare
Registering precompiled user dll's ...
Registered in 0.004303 seconds.
Begin MonoManager ReloadAssembly
Symbol file LoadedFromMemory doesn't match image C:\Users\USUARIO\Documents\GitHub\VIDEOJUEGOS\Library\PackageCache\com.unity.visualscripting@1.6.1\Editor\VisualScripting.Core\Dependencies\YamlDotNet\Unity.VisualScripting.YamlDotNet.dll
Symbol file LoadedFromMemory doesn't match image C:\Users\USUARIO\Documents\GitHub\VIDEOJUEGOS\Library\PackageCache\com.unity.visualscripting@1.6.1\Editor\VisualScripting.Core\Dependencies\DotNetZip\Unity.VisualScripting.IonicZip.dll
Native extension for WindowsStandalone target not found
Native extension for OSXStandalone target not found
Refreshing native plugins compatible for Editor in 0.74 ms, found 4 plugins.
Preloading 0 native plugins for Editor in 0.00 ms.
Mono: successfully reloaded assembly
- Completed reload, in  1.015 seconds
Domain Reload Profiling:
	ReloadAssembly (1015ms)
		BeginReloadAssembly (108ms)
			ExecutionOrderSort (0ms)
			DisableScriptedObjects (6ms)
			BackupInstance (0ms)
			ReleaseScriptingObjects (0ms)
			CreateAndSetChildDomain (37ms)
		EndReloadAssembly (851ms)
			LoadAssemblies (81ms)
			RebuildTransferFunctionScriptingTraits (0ms)
			SetupTypeCache (337ms)
			ReleaseScriptCaches (1ms)
			RebuildScriptCaches (44ms)
			SetupLoadedEditorAssemblies (288ms)
				LogAssemblyErrors (0ms)
				InitializePlatformSupportModulesInManaged (5ms)
				SetLoadedEditorAssemblies (0ms)
				RefreshPlugins (1ms)
				BeforeProcessingInitializeOnLoad (62ms)
				ProcessInitializeOnLoadAttributes (205ms)
				ProcessInitializeOnLoadMethodAttributes (9ms)
				AfterProcessingInitializeOnLoad (5ms)
				EditorAssembliesLoaded (0ms)
			ExecutionOrderSort2 (0ms)
			AwakeInstancesAfterBackupRestoration (10ms)
Platform modules already initialized, skipping
Refreshing native plugins compatible for Editor in 0.75 ms, found 4 plugins.
Preloading 0 native plugins for Editor in 0.00 ms.
Unloading 3840 Unused Serialized files (Serialized files now loaded: 0)
System memory in use before: 147.5 MB.
System memory in use after: 147.8 MB.

Unloading 19 unused Assets to reduce memory usage. Loaded Objects now: 4329.
Total: 2.514400 ms (FindLiveObjects: 0.270800 ms CreateObjectMapping: 0.171600 ms MarkObjects: 2.054400 ms  DeleteObjects: 0.016700 ms)

AssetImportParameters requested are different than current active one (requested -> active):
  custom:framework-win-MediaFoundation: 216162199b28c13a410421893ffa2e32 -> 
  custom:video-decoder-ogg-theora: a1e56fd34408186e4bbccfd4996cb3dc -> 
  custom:container-muxer-webm: aa71ff27fc2769a1b78a27578f13a17b -> 
  custom:container-demuxer-webm: 4f35f7cbe854078d1ac9338744f61a02 -> 
  custom:container-demuxer-ogg: 62fdf1f143b41e24485cea50d1cbac27 -> 
  custom:video-encoder-webm-vp8: eb34c28f22e8b96e1ab97ce403110664 -> 
  custom:video-decoder-webm-vp8: 9c59270c3fd7afecdb556c50c9e8de78 -> 
  custom:audio-decoder-ogg-vorbis: bf7c407c2cedff20999df2af8eb42d56 -> 
  custom:audio-encoder-webm-vorbis: bf7c407c2cedff20999df2af8eb42d56 -> 
========================================================================
Received Prepare
Registering precompiled user dll's ...
Registered in 0.004379 seconds.
Begin MonoManager ReloadAssembly
Symbol file LoadedFromMemory doesn't match image C:\Users\USUARIO\Documents\GitHub\VIDEOJUEGOS\Library\PackageCache\com.unity.visualscripting@1.6.1\Editor\VisualScripting.Core\Dependencies\YamlDotNet\Unity.VisualScripting.YamlDotNet.dll
Symbol file LoadedFromMemory doesn't match image C:\Users\USUARIO\Documents\GitHub\VIDEOJUEGOS\Library\PackageCache\com.unity.visualscripting@1.6.1\Editor\VisualScripting.Core\Dependencies\DotNetZip\Unity.VisualScripting.IonicZip.dll
Native extension for WindowsStandalone target not found
Native extension for OSXStandalone target not found
Refreshing native plugins compatible for Editor in 0.73 ms, found 4 plugins.
Preloading 0 native plugins for Editor in 0.00 ms.
Mono: successfully reloaded assembly
- Completed reload, in  0.996 seconds
Domain Reload Profiling:
	ReloadAssembly (997ms)
		BeginReloadAssembly (103ms)
			ExecutionOrderSort (0ms)
			DisableScriptedObjects (6ms)
			BackupInstance (0ms)
			ReleaseScriptingObjects (0ms)
			CreateAndSetChildDomain (36ms)
		EndReloadAssembly (838ms)
			LoadAssemblies (78ms)
			RebuildTransferFunctionScriptingTraits (0ms)
			SetupTypeCache (329ms)
			ReleaseScriptCaches (1ms)
			RebuildScriptCaches (44ms)
			SetupLoadedEditorAssemblies (283ms)
				LogAssemblyErrors (0ms)
				InitializePlatformSupportModulesInManaged (5ms)
				SetLoadedEditorAssemblies (0ms)
				RefreshPlugins (1ms)
				BeforeProcessingInitializeOnLoad (61ms)
				ProcessInitializeOnLoadAttributes (200ms)
				ProcessInitializeOnLoadMethodAttributes (9ms)
				AfterProcessingInitializeOnLoad (5ms)
				EditorAssembliesLoaded (0ms)
			ExecutionOrderSort2 (0ms)
			AwakeInstancesAfterBackupRestoration (10ms)
Platform modules already initialized, skipping
Refreshing native plugins compatible for Editor in 0.72 ms, found 4 plugins.
Preloading 0 native plugins for Editor in 0.00 ms.
Unloading 3840 Unused Serialized files (Serialized files now loaded: 0)
System memory in use before: 147.6 MB.
System memory in use after: 147.9 MB.

Unloading 19 unused Assets to reduce memory usage. Loaded Objects now: 4332.
Total: 2.788400 ms (FindLiveObjects: 0.258600 ms CreateObjectMapping: 0.145300 ms MarkObjects: 2.368400 ms  DeleteObjects: 0.015200 ms)

AssetImportParameters requested are different than current active one (requested -> active):
  custom:framework-win-MediaFoundation: 216162199b28c13a410421893ffa2e32 -> 
  custom:video-decoder-ogg-theora: a1e56fd34408186e4bbccfd4996cb3dc -> 
  custom:container-muxer-webm: aa71ff27fc2769a1b78a27578f13a17b -> 
  custom:container-demuxer-webm: 4f35f7cbe854078d1ac9338744f61a02 -> 
  custom:container-demuxer-ogg: 62fdf1f143b41e24485cea50d1cbac27 -> 
  custom:video-encoder-webm-vp8: eb34c28f22e8b96e1ab97ce403110664 -> 
  custom:video-decoder-webm-vp8: 9c59270c3fd7afecdb556c50c9e8de78 -> 
  custom:audio-decoder-ogg-vorbis: bf7c407c2cedff20999df2af8eb42d56 -> 
  custom:audio-encoder-webm-vorbis: bf7c407c2cedff20999df2af8eb42d56 -> 
========================================================================
Received Import Request.
  Time since last request: 192.342774 seconds.
  path: Assets/Scenes/Bosque.unity
  artifactKey: Guid(0c1c057f49f53b74fb52b3b543a14787) Importer(815301076,1909f56bfc062723c751e8b465ee728b)
Start importing Assets/Scenes/Bosque.unity using Guid(0c1c057f49f53b74fb52b3b543a14787) Importer(815301076,1909f56bfc062723c751e8b465ee728b)  -> (artifact id: '0a73d0b9793e71cfd4bdc0f6a820d690') in 0.014881 seconds 
========================================================================
Received Import Request.
  Time since last request: 4.867551 seconds.
  path: Assets/Scenes/Aldea.unity
  artifactKey: Guid(e8bdb5d4864d21e40871072cf73d7018) Importer(815301076,1909f56bfc062723c751e8b465ee728b)
Start importing Assets/Scenes/Aldea.unity using Guid(e8bdb5d4864d21e40871072cf73d7018) Importer(815301076,1909f56bfc062723c751e8b465ee728b)  -> (artifact id: 'ae077d3232ca7ce59bef4402f9cb89b6') in 0.005875 seconds 
========================================================================
Received Import Request.
  Time since last request: 50.044281 seconds.
  path: Assets/Sound/Bosque.mp3
  artifactKey: Guid(214ea27d3d4a71b4db7c7fdff174fe25) Importer(815301076,1909f56bfc062723c751e8b465ee728b)
Start importing Assets/Sound/Bosque.mp3 using Guid(214ea27d3d4a71b4db7c7fdff174fe25) Importer(815301076,1909f56bfc062723c751e8b465ee728b)  -> (artifact id: '0a98763a402c498ee7169733a47bf936') in 0.030336 seconds 
========================================================================
Received Prepare
Registering precompiled user dll's ...
Registered in 0.004319 seconds.
Begin MonoManager ReloadAssembly
Symbol file LoadedFromMemory doesn't match image C:\Users\USUARIO\Documents\GitHub\VIDEOJUEGOS\Library\PackageCache\com.unity.visualscripting@1.6.1\Editor\VisualScripting.Core\Dependencies\YamlDotNet\Unity.VisualScripting.YamlDotNet.dll
Symbol file LoadedFromMemory doesn't match image C:\Users\USUARIO\Documents\GitHub\VIDEOJUEGOS\Library\PackageCache\com.unity.visualscripting@1.6.1\Editor\VisualScripting.Core\Dependencies\DotNetZip\Unity.VisualScripting.IonicZip.dll
Native extension for WindowsStandalone target not found
Native extension for OSXStandalone target not found
Refreshing native plugins compatible for Editor in 0.74 ms, found 4 plugins.
Preloading 0 native plugins for Editor in 0.00 ms.
Mono: successfully reloaded assembly
- Completed reload, in  1.022 seconds
Domain Reload Profiling:
	ReloadAssembly (1023ms)
		BeginReloadAssembly (115ms)
			ExecutionOrderSort (0ms)
			DisableScriptedObjects (5ms)
			BackupInstance (0ms)
			ReleaseScriptingObjects (0ms)
			CreateAndSetChildDomain (38ms)
		EndReloadAssembly (849ms)
			LoadAssemblies (81ms)
			RebuildTransferFunctionScriptingTraits (0ms)
			SetupTypeCache (332ms)
			ReleaseScriptCaches (1ms)
			RebuildScriptCaches (46ms)
			SetupLoadedEditorAssemblies (287ms)
				LogAssemblyErrors (0ms)
				InitializePlatformSupportModulesInManaged (5ms)
				SetLoadedEditorAssemblies (0ms)
				RefreshPlugins (1ms)
				BeforeProcessingInitializeOnLoad (59ms)
				ProcessInitializeOnLoadAttributes (208ms)
				ProcessInitializeOnLoadMethodAttributes (8ms)
				AfterProcessingInitializeOnLoad (5ms)
				EditorAssembliesLoaded (0ms)
			ExecutionOrderSort2 (0ms)
			AwakeInstancesAfterBackupRestoration (10ms)
Platform modules already initialized, skipping
Refreshing native plugins compatible for Editor in 0.72 ms, found 4 plugins.
Preloading 0 native plugins for Editor in 0.00 ms.
Unloading 3840 Unused Serialized files (Serialized files now loaded: 0)
System memory in use before: 147.7 MB.
System memory in use after: 147.9 MB.

Unloading 19 unused Assets to reduce memory usage. Loaded Objects now: 4336.
Total: 2.725200 ms (FindLiveObjects: 0.264000 ms CreateObjectMapping: 0.153100 ms MarkObjects: 2.291400 ms  DeleteObjects: 0.015900 ms)

AssetImportParameters requested are different than current active one (requested -> active):
  custom:framework-win-MediaFoundation: 216162199b28c13a410421893ffa2e32 -> 
  custom:video-decoder-ogg-theora: a1e56fd34408186e4bbccfd4996cb3dc -> 
  custom:container-muxer-webm: aa71ff27fc2769a1b78a27578f13a17b -> 
  custom:container-demuxer-webm: 4f35f7cbe854078d1ac9338744f61a02 -> 
  custom:container-demuxer-ogg: 62fdf1f143b41e24485cea50d1cbac27 -> 
  custom:video-encoder-webm-vp8: eb34c28f22e8b96e1ab97ce403110664 -> 
  custom:video-decoder-webm-vp8: 9c59270c3fd7afecdb556c50c9e8de78 -> 
  custom:audio-decoder-ogg-vorbis: bf7c407c2cedff20999df2af8eb42d56 -> 
  custom:audio-encoder-webm-vorbis: bf7c407c2cedff20999df2af8eb42d56 -> 
========================================================================
Received Import Request.
  Time since last request: 311.203364 seconds.
  path: Assets/Scenes/Cueva.unity
  artifactKey: Guid(2cda990e2423bbf4892e6590ba056729) Importer(815301076,1909f56bfc062723c751e8b465ee728b)
Start importing Assets/Scenes/Cueva.unity using Guid(2cda990e2423bbf4892e6590ba056729) Importer(815301076,1909f56bfc062723c751e8b465ee728b)  -> (artifact id: '31f0784980666728e69a7acc9a0c6eb2') in 0.018834 seconds 
========================================================================
Received Import Request.
  Time since last request: 271.177588 seconds.
  path: Assets/Sound/Cave Music.mp3
  artifactKey: Guid(7a59e03874e38f3468b16dcec525a4a2) Importer(815301076,1909f56bfc062723c751e8b465ee728b)
Start importing Assets/Sound/Cave Music.mp3 using Guid(7a59e03874e38f3468b16dcec525a4a2) Importer(815301076,1909f56bfc062723c751e8b465ee728b)  -> (artifact id: '59f4c182e46f9305d6273b4b26d1f1c8') in 0.006446 seconds 
========================================================================
Received Import Request.
  Time since last request: 3.816916 seconds.
  path: Assets/Sound/Cave Music 1.mp3
  artifactKey: Guid(83f044a723819394b87a414fef51d294) Importer(815301076,1909f56bfc062723c751e8b465ee728b)
Start importing Assets/Sound/Cave Music 1.mp3 using Guid(83f044a723819394b87a414fef51d294) Importer(815301076,1909f56bfc062723c751e8b465ee728b)  -> (artifact id: '8983c27cd4460115f927e14b4b9ba1ba') in 0.006549 seconds 
AssetImportWorkerClient::OnTransportError - code=2 error=End of file
